<?xml version="1.0" encoding="UTF-8"?>
<testng-results ignored="0" total="8" passed="8" failed="0" skipped="0">
  <reporter-output>
  </reporter-output>
  <suite started-at="2023-08-15T21:34:31 IST" name="Default suite" finished-at="2023-08-15T21:34:31 IST" duration-ms="63">
    <groups>
    </groups>
    <test started-at="2023-08-15T21:34:31 IST" name="Default test" finished-at="2023-08-15T21:34:31 IST" duration-ms="63">
      <class name="Songproblem_code.SongsCodeTest">
        <test-method is-config="true" signature="setUp()[pri:0, instance:Songproblem_code.SongsCodeTest@770d3326]" started-at="2023-08-15T21:34:31 IST" name="setUp" finished-at="2023-08-15T21:34:31 IST" duration-ms="4" status="PASS">
          <reporter-output>
          </reporter-output>
        </test-method> <!-- setUp -->
        <test-method signature="testBoundaryValueCapacity()[pri:0, instance:Songproblem_code.SongsCodeTest@770d3326]" started-at="2023-08-15T21:34:31 IST" name="testBoundaryValueCapacity" finished-at="2023-08-15T21:34:31 IST" duration-ms="6" status="PASS">
          <reporter-output>
          </reporter-output>
        </test-method> <!-- testBoundaryValueCapacity -->
        <test-method is-config="true" signature="setUp()[pri:0, instance:Songproblem_code.SongsCodeTest@770d3326]" started-at="2023-08-15T21:34:31 IST" name="setUp" finished-at="2023-08-15T21:34:31 IST" duration-ms="0" status="PASS">
          <reporter-output>
          </reporter-output>
        </test-method> <!-- setUp -->
        <test-method signature="testGetRecentlyPlayedForUnknownUser()[pri:0, instance:Songproblem_code.SongsCodeTest@770d3326]" started-at="2023-08-15T21:34:31 IST" name="testGetRecentlyPlayedForUnknownUser" finished-at="2023-08-15T21:34:31 IST" duration-ms="2" status="PASS">
          <reporter-output>
          </reporter-output>
        </test-method> <!-- testGetRecentlyPlayedForUnknownUser -->
        <test-method signature="testMultipleUsers()[pri:0, instance:Songproblem_code.SongsCodeTest@770d3326]" started-at="2023-08-15T21:34:31 IST" name="testMultipleUsers" finished-at="2023-08-15T21:34:31 IST" duration-ms="2" status="PASS">
          <reporter-output>
          </reporter-output>
        </test-method> <!-- testMultipleUsers -->
        <test-method is-config="true" signature="setUp()[pri:0, instance:Songproblem_code.SongsCodeTest@770d3326]" started-at="2023-08-15T21:34:31 IST" name="setUp" finished-at="2023-08-15T21:34:31 IST" duration-ms="0" status="PASS">
          <reporter-output>
          </reporter-output>
        </test-method> <!-- setUp -->
        <test-method signature="testPlayMoreThanCapacity()[pri:0, instance:Songproblem_code.SongsCodeTest@770d3326]" started-at="2023-08-15T21:34:31 IST" name="testPlayMoreThanCapacity" finished-at="2023-08-15T21:34:31 IST" duration-ms="1" status="PASS">
          <reporter-output>
          </reporter-output>
        </test-method> <!-- testPlayMoreThanCapacity -->
        <test-method is-config="true" signature="setUp()[pri:0, instance:Songproblem_code.SongsCodeTest@770d3326]" started-at="2023-08-15T21:34:31 IST" name="setUp" finished-at="2023-08-15T21:34:31 IST" duration-ms="0" status="PASS">
          <reporter-output>
          </reporter-output>
        </test-method> <!-- setUp -->
        <test-method is-config="true" signature="setUp()[pri:0, instance:Songproblem_code.SongsCodeTest@770d3326]" started-at="2023-08-15T21:34:31 IST" name="setUp" finished-at="2023-08-15T21:34:31 IST" duration-ms="0" status="PASS">
          <reporter-output>
          </reporter-output>
        </test-method> <!-- setUp -->
        <test-method signature="testPlaySongAndFetchRecentlyPlayed()[pri:0, instance:Songproblem_code.SongsCodeTest@770d3326]" started-at="2023-08-15T21:34:31 IST" name="testPlaySongAndFetchRecentlyPlayed" finished-at="2023-08-15T21:34:31 IST" duration-ms="1" status="PASS">
          <reporter-output>
          </reporter-output>
        </test-method> <!-- testPlaySongAndFetchRecentlyPlayed -->
        <test-method signature="testPlaySongWithInvalidCapacity()[pri:0, instance:Songproblem_code.SongsCodeTest@770d3326]" started-at="2023-08-15T21:34:31 IST" name="testPlaySongWithInvalidCapacity" finished-at="2023-08-15T21:34:31 IST" duration-ms="1" status="PASS">
          <reporter-output>
          </reporter-output>
        </test-method> <!-- testPlaySongWithInvalidCapacity -->
        <test-method is-config="true" signature="setUp()[pri:0, instance:Songproblem_code.SongsCodeTest@770d3326]" started-at="2023-08-15T21:34:31 IST" name="setUp" finished-at="2023-08-15T21:34:31 IST" duration-ms="0" status="PASS">
          <reporter-output>
          </reporter-output>
        </test-method> <!-- setUp -->
        <test-method signature="testPlayWithoutExceedingCapacity()[pri:0, instance:Songproblem_code.SongsCodeTest@770d3326]" started-at="2023-08-15T21:34:31 IST" name="testPlayWithoutExceedingCapacity" finished-at="2023-08-15T21:34:31 IST" duration-ms="1" status="PASS">
          <reporter-output>
          </reporter-output>
        </test-method> <!-- testPlayWithoutExceedingCapacity -->
        <test-method is-config="true" signature="setUp()[pri:0, instance:Songproblem_code.SongsCodeTest@770d3326]" started-at="2023-08-15T21:34:31 IST" name="setUp" finished-at="2023-08-15T21:34:31 IST" duration-ms="0" status="PASS">
          <reporter-output>
          </reporter-output>
        </test-method> <!-- setUp -->
        <test-method is-config="true" signature="setUp()[pri:0, instance:Songproblem_code.SongsCodeTest@770d3326]" started-at="2023-08-15T21:34:31 IST" name="setUp" finished-at="2023-08-15T21:34:31 IST" duration-ms="0" status="PASS">
          <reporter-output>
          </reporter-output>
        </test-method> <!-- setUp -->
        <test-method signature="testPlayWithoutUser()[pri:0, instance:Songproblem_code.SongsCodeTest@770d3326]" started-at="2023-08-15T21:34:31 IST" name="testPlayWithoutUser" finished-at="2023-08-15T21:34:31 IST" duration-ms="2" status="PASS">
          <reporter-output>
          </reporter-output>
        </test-method> <!-- testPlayWithoutUser -->
      </class> <!-- Songproblem_code.SongsCodeTest -->
    </test> <!-- Default test -->
  </suite> <!-- Default suite -->
</testng-results>
