<?xml version="1.0" encoding="UTF-8"?>
<!-- Generated by org.testng.reporters.JUnitXMLReporter -->
<testsuite ignored="0" hostname="IMLTW141" failures="0" tests="8" name="Default test" time="0.063" errors="0" timestamp="2023-08-15T21:34:31 IST">
  <testcase classname="Songproblem_code.SongsCodeTest" name="testBoundaryValueCapacity" time="0.006"/>
  <testcase classname="Songproblem_code.SongsCodeTest" name="testGetRecentlyPlayedForUnknownUser" time="0.002"/>
  <testcase classname="Songproblem_code.SongsCodeTest" name="testMultipleUsers" time="0.002"/>
  <testcase classname="Songproblem_code.SongsCodeTest" name="testPlayMoreThanCapacity" time="0.001"/>
  <testcase classname="Songproblem_code.SongsCodeTest" name="testPlaySongAndFetchRecentlyPlayed" time="0.001"/>
  <testcase classname="Songproblem_code.SongsCodeTest" name="testPlaySongWithInvalidCapacity" time="0.001"/>
  <testcase classname="Songproblem_code.SongsCodeTest" name="testPlayWithoutExceedingCapacity" time="0.001"/>
  <testcase classname="Songproblem_code.SongsCodeTest" name="testPlayWithoutUser" time="0.002"/>
</testsuite> <!-- Default test -->
